  main.cpp
c:\users\rares\documents\visual studio 2015\projects\helltooth\helltooth\src\ht\tools\cereal\src\buffer.h(225): warning C4244: 'initializing': conversion from 'std::streamoff' to 'size_t', possible loss of data
c:\users\rares\documents\visual studio 2015\projects\helltooth\helltooth\src\ht\tools\cereal\src\database.h(83): warning C4244: 'argument': conversion from 'unsigned __int64' to 'unsigned int', possible loss of data
c:\users\rares\documents\visual studio 2015\projects\helltooth\helltooth\src\ht\tools\cereal\src\header.h(86): warning C4244: '+=': conversion from 'unsigned __int64' to 'unsigned int', possible loss of data
c:\users\rares\documents\visual studio 2015\projects\helltooth\helltooth\src\ht\tools\cereal\src\header.h(100): warning C4244: '+=': conversion from 'unsigned __int64' to 'unsigned int', possible loss of data
c:\users\rares\documents\visual studio 2015\projects\helltooth\helltooth\src\ht\assets\helltoothtexture.h(72): warning C4244: 'argument': conversion from 'unsigned __int64' to 'unsigned int', possible loss of data
c:\users\rares\documents\visual studio 2015\projects\helltooth\helltooth\src\ht\graphics\rendering\model\rawmodel.h(100): warning C4018: '<': signed/unsigned mismatch
c:\users\rares\documents\visual studio 2015\projects\helltooth\helltooth\src\ht\graphics\rendering\model\rawmodel.h(104): warning C4018: '<': signed/unsigned mismatch
c:\users\rares\documents\visual studio 2015\projects\helltooth\helltooth\src\ht\graphics\rendering\model\rawmodel.h(105): warning C4477: 'printf' : format string '%f' requires an argument of type 'double', but variadic argument 2 has type 'const GLuint'
c:\users\rares\documents\visual studio 2015\projects\helltooth\helltooth\src\ht\graphics\rendering\model\rawmodel.h(105): warning C4477: 'printf' : format string '%f' requires an argument of type 'double', but variadic argument 3 has type 'const GLuint'
c:\users\rares\documents\visual studio 2015\projects\helltooth\helltooth\src\ht\graphics\rendering\model\rawmodel.h(105): warning C4477: 'printf' : format string '%f' requires an argument of type 'double', but variadic argument 4 has type 'const GLuint'
c:\users\rares\documents\visual studio 2015\projects\helltooth\helltooth\src\ht\graphics\rendering\model\objloader.h(107): warning C4018: '<': signed/unsigned mismatch
  Generating Code...
  Compiling...
  sandbox.cpp
c:\users\rares\documents\visual studio 2015\projects\helltooth\helltooth\src\ht\tools\cereal\src\buffer.h(225): warning C4244: 'initializing': conversion from 'std::streamoff' to 'size_t', possible loss of data
c:\users\rares\documents\visual studio 2015\projects\helltooth\helltooth\src\ht\tools\cereal\src\database.h(83): warning C4244: 'argument': conversion from 'unsigned __int64' to 'unsigned int', possible loss of data
c:\users\rares\documents\visual studio 2015\projects\helltooth\helltooth\src\ht\tools\cereal\src\header.h(86): warning C4244: '+=': conversion from 'unsigned __int64' to 'unsigned int', possible loss of data
c:\users\rares\documents\visual studio 2015\projects\helltooth\helltooth\src\ht\tools\cereal\src\header.h(100): warning C4244: '+=': conversion from 'unsigned __int64' to 'unsigned int', possible loss of data
c:\users\rares\documents\visual studio 2015\projects\helltooth\helltooth\src\ht\assets\helltoothtexture.h(72): warning C4244: 'argument': conversion from 'unsigned __int64' to 'unsigned int', possible loss of data
c:\users\rares\documents\visual studio 2015\projects\helltooth\helltooth\src\ht\graphics\rendering\model\rawmodel.h(100): warning C4018: '<': signed/unsigned mismatch
c:\users\rares\documents\visual studio 2015\projects\helltooth\helltooth\src\ht\graphics\rendering\model\rawmodel.h(104): warning C4018: '<': signed/unsigned mismatch
c:\users\rares\documents\visual studio 2015\projects\helltooth\helltooth\src\ht\graphics\rendering\model\rawmodel.h(105): warning C4477: 'printf' : format string '%f' requires an argument of type 'double', but variadic argument 2 has type 'const GLuint'
c:\users\rares\documents\visual studio 2015\projects\helltooth\helltooth\src\ht\graphics\rendering\model\rawmodel.h(105): warning C4477: 'printf' : format string '%f' requires an argument of type 'double', but variadic argument 3 has type 'const GLuint'
c:\users\rares\documents\visual studio 2015\projects\helltooth\helltooth\src\ht\graphics\rendering\model\rawmodel.h(105): warning C4477: 'printf' : format string '%f' requires an argument of type 'double', but variadic argument 4 has type 'const GLuint'
c:\users\rares\documents\visual studio 2015\projects\helltooth\helltooth\src\ht\graphics\rendering\model\objloader.h(107): warning C4018: '<': signed/unsigned mismatch
  Generating Code...
LINK : warning LNK4098: defaultlib 'LIBCMT' conflicts with use of other libs; use /NODEFAULTLIB:library
LINK : warning LNK4098: defaultlib 'MSVCRT' conflicts with use of other libs; use /NODEFAULTLIB:library
glew32s.lib(glew.obj) : warning LNK4099: PDB 'vc120.pdb' was not found with 'glew32s.lib(glew.obj)' or at 'C:\Users\RARES\documents\visual studio 2015\Projects\Helltooth\bin\vc120.pdb'; linking object as if no debug info
  Sandbox.vcxproj -> C:\Users\RARES\documents\visual studio 2015\Projects\Helltooth\bin\Sandbox.exe
  Sandbox.vcxproj -> C:\Users\RARES\documents\visual studio 2015\Projects\Helltooth\bin\Sandbox.pdb (Partial PDB)
