c:\users\rares\documents\visual studio 2015\projects\helltooth\bin\vc140.pdb
c:\users\rares\documents\visual studio 2015\projects\helltooth\bin\vc140.idb
c:\users\rares\documents\visual studio 2015\projects\helltooth\bin\main.obj
c:\users\rares\documents\visual studio 2015\projects\helltooth\bin\sandbox.obj
c:\users\rares\documents\visual studio 2015\projects\helltooth\bin\sandbox.pdb
c:\users\rares\documents\visual studio 2015\projects\helltooth\bin\sandbox.tlog\cl.command.1.tlog
c:\users\rares\documents\visual studio 2015\projects\helltooth\bin\sandbox.tlog\cl.read.1.tlog
c:\users\rares\documents\visual studio 2015\projects\helltooth\bin\sandbox.tlog\cl.write.1.tlog
c:\users\rares\documents\visual studio 2015\projects\helltooth\bin\sandbox.tlog\link.10760.3500.read.1.tlog
c:\users\rares\documents\visual studio 2015\projects\helltooth\bin\sandbox.tlog\link.10760.3500.write.1.tlog
c:\users\rares\documents\visual studio 2015\projects\helltooth\bin\sandbox.tlog\link.10760.read.1.tlog
c:\users\rares\documents\visual studio 2015\projects\helltooth\bin\sandbox.tlog\link.10760.write.1.tlog
c:\users\rares\documents\visual studio 2015\projects\helltooth\bin\sandbox.tlog\link.3664.read.1.tlog
c:\users\rares\documents\visual studio 2015\projects\helltooth\bin\sandbox.tlog\link.3664.write.1.tlog
c:\users\rares\documents\visual studio 2015\projects\helltooth\bin\sandbox.tlog\link.4300.read.1.tlog
c:\users\rares\documents\visual studio 2015\projects\helltooth\bin\sandbox.tlog\link.4300.write.1.tlog
c:\users\rares\documents\visual studio 2015\projects\helltooth\bin\sandbox.tlog\link.6504.read.1.tlog
c:\users\rares\documents\visual studio 2015\projects\helltooth\bin\sandbox.tlog\link.6504.write.1.tlog
c:\users\rares\documents\visual studio 2015\projects\helltooth\bin\sandbox.tlog\link.command.1.tlog
c:\users\rares\documents\visual studio 2015\projects\helltooth\bin\sandbox.tlog\link.read.1.tlog
c:\users\rares\documents\visual studio 2015\projects\helltooth\bin\sandbox.tlog\link.write.1.tlog
