c:\users\rares\documents\visual studio 2015\projects\helltooth\bin\helltooth\helltooth.pdb
c:\users\rares\documents\visual studio 2015\projects\helltooth\bin\helltooth\helltooth.idb
c:\users\rares\documents\visual studio 2015\projects\helltooth\bin\helltooth\api.obj
c:\users\rares\documents\visual studio 2015\projects\helltooth\bin\helltooth\layer.obj
c:\users\rares\documents\visual studio 2015\projects\helltooth\bin\helltooth\entity3d.obj
c:\users\rares\documents\visual studio 2015\projects\helltooth\bin\helltooth\entityrenderer3d.obj
c:\users\rares\documents\visual studio 2015\projects\helltooth\bin\helltooth\renderable.obj
c:\users\rares\documents\visual studio 2015\projects\helltooth\bin\helltooth\shaderprogram.obj
c:\users\rares\documents\visual studio 2015\projects\helltooth\bin\helltooth\texture.obj
c:\users\rares\documents\visual studio 2015\projects\helltooth\bin\helltooth\window.obj
c:\users\rares\documents\visual studio 2015\projects\helltooth\bin\helltooth\mat4.obj
c:\users\rares\documents\visual studio 2015\projects\helltooth\bin\helltooth\vec2.obj
c:\users\rares\documents\visual studio 2015\projects\helltooth\bin\helltooth\vec3.obj
c:\users\rares\documents\visual studio 2015\projects\helltooth\bin\helltooth\vec4.obj
c:\users\rares\documents\visual studio 2015\projects\helltooth\bin\helltooth\input.obj
c:\users\rares\documents\visual studio 2015\projects\helltooth\bin\helltooth\memoryallocator.obj
c:\users\rares\documents\visual studio 2015\projects\helltooth\bin\helltooth\shadermanager.obj
c:\users\rares\documents\visual studio 2015\projects\helltooth\dependencies\helltooth\helltooth.lib
c:\users\rares\documents\visual studio 2015\projects\helltooth\dependencies\helltooth\helltooth.pdb
c:\users\rares\documents\visual studio 2015\projects\helltooth\bin\helltooth\helltooth.tlog\cl.command.1.tlog
c:\users\rares\documents\visual studio 2015\projects\helltooth\bin\helltooth\helltooth.tlog\cl.read.1.tlog
c:\users\rares\documents\visual studio 2015\projects\helltooth\bin\helltooth\helltooth.tlog\cl.write.1.tlog
c:\users\rares\documents\visual studio 2015\projects\helltooth\bin\helltooth\helltooth.tlog\lib-link.read.1.tlog
c:\users\rares\documents\visual studio 2015\projects\helltooth\bin\helltooth\helltooth.tlog\lib-link.write.1.tlog
c:\users\rares\documents\visual studio 2015\projects\helltooth\bin\helltooth\helltooth.tlog\lib.command.1.tlog
