  main.cpp
c:\users\rares\documents\visual studio 2015\projects\helltooth\helltooth\src\ht\tools\cereal\src/Buffer.h(225): warning C4244: 'initializing': conversion from 'std::streamoff' to 'size_t', possible loss of data
c:\users\rares\documents\visual studio 2015\projects\helltooth\helltooth\src\ht\tools\cereal\src/Database.h(83): warning C4244: 'argument': conversion from 'unsigned __int64' to 'unsigned int', possible loss of data
c:\users\rares\documents\visual studio 2015\projects\helltooth\helltooth\src\ht\tools\cereal\src/Header.h(86): warning C4244: '+=': conversion from 'unsigned __int64' to 'unsigned int', possible loss of data
c:\users\rares\documents\visual studio 2015\projects\helltooth\helltooth\src\ht\tools\cereal\src/Header.h(100): warning C4244: '+=': conversion from 'unsigned __int64' to 'unsigned int', possible loss of data
c:\users\rares\documents\visual studio 2015\projects\helltooth\helltooth\src\ht\assets\HelltoothTexture.h(68): warning C4244: 'argument': conversion from 'unsigned __int64' to 'unsigned int', possible loss of data
c:\users\rares\documents\visual studio 2015\projects\helltooth\helltooth\src\ht\graphics\rendering\model\RawModel.h(100): warning C4018: '<': signed/unsigned mismatch
c:\users\rares\documents\visual studio 2015\projects\helltooth\helltooth\src\ht\graphics\rendering\model\RawModel.h(104): warning C4018: '<': signed/unsigned mismatch
c:\users\rares\documents\visual studio 2015\projects\helltooth\helltooth\src\ht\graphics\rendering\model\RawModel.h(107): warning C4018: '<': signed/unsigned mismatch
c:\users\rares\documents\visual studio 2015\projects\helltooth\helltooth\src\ht\graphics\rendering/model/ObjLoader.h(28): warning C4244: 'initializing': conversion from 'float' to 'unsigned int', possible loss of data
c:\users\rares\documents\visual studio 2015\projects\helltooth\helltooth\src\ht\graphics\rendering/model/ObjLoader.h(30): warning C4244: 'argument': conversion from 'float' to 'unsigned int', possible loss of data
c:\users\rares\documents\visual studio 2015\projects\helltooth\helltooth\src\ht\graphics\rendering/model/ObjLoader.h(36): warning C4244: 'argument': conversion from 'float' to 'unsigned int', possible loss of data
  sandbox.cpp
c:\users\rares\documents\visual studio 2015\projects\helltooth\helltooth\src\ht\tools\cereal\src/Buffer.h(225): warning C4244: 'initializing': conversion from 'std::streamoff' to 'size_t', possible loss of data
c:\users\rares\documents\visual studio 2015\projects\helltooth\helltooth\src\ht\tools\cereal\src/Database.h(83): warning C4244: 'argument': conversion from 'unsigned __int64' to 'unsigned int', possible loss of data
c:\users\rares\documents\visual studio 2015\projects\helltooth\helltooth\src\ht\tools\cereal\src/Header.h(86): warning C4244: '+=': conversion from 'unsigned __int64' to 'unsigned int', possible loss of data
c:\users\rares\documents\visual studio 2015\projects\helltooth\helltooth\src\ht\tools\cereal\src/Header.h(100): warning C4244: '+=': conversion from 'unsigned __int64' to 'unsigned int', possible loss of data
c:\users\rares\documents\visual studio 2015\projects\helltooth\helltooth\src\ht\assets\HelltoothTexture.h(68): warning C4244: 'argument': conversion from 'unsigned __int64' to 'unsigned int', possible loss of data
c:\users\rares\documents\visual studio 2015\projects\helltooth\helltooth\src\ht\graphics\rendering\model\RawModel.h(100): warning C4018: '<': signed/unsigned mismatch
c:\users\rares\documents\visual studio 2015\projects\helltooth\helltooth\src\ht\graphics\rendering\model\RawModel.h(104): warning C4018: '<': signed/unsigned mismatch
c:\users\rares\documents\visual studio 2015\projects\helltooth\helltooth\src\ht\graphics\rendering\model\RawModel.h(107): warning C4018: '<': signed/unsigned mismatch
c:\users\rares\documents\visual studio 2015\projects\helltooth\helltooth\src\ht\graphics\rendering/model/ObjLoader.h(28): warning C4244: 'initializing': conversion from 'float' to 'unsigned int', possible loss of data
c:\users\rares\documents\visual studio 2015\projects\helltooth\helltooth\src\ht\graphics\rendering/model/ObjLoader.h(30): warning C4244: 'argument': conversion from 'float' to 'unsigned int', possible loss of data
c:\users\rares\documents\visual studio 2015\projects\helltooth\helltooth\src\ht\graphics\rendering/model/ObjLoader.h(36): warning C4244: 'argument': conversion from 'float' to 'unsigned int', possible loss of data
LINK : warning LNK4098: defaultlib 'LIBCMT' conflicts with use of other libs; use /NODEFAULTLIB:library
  Generating code
  22 of 1466 functions ( 1.5%) were compiled, the rest were copied from previous compilation.
    2 functions were new in current compilation
    2 functions had inline decision re-evaluated but remain unchanged
  Finished generating code
glew32s.lib(glew.obj) : warning LNK4099: PDB 'vc120.pdb' was not found with 'glew32s.lib(glew.obj)' or at 'C:\Users\RARES\documents\visual studio 2015\Projects\Helltooth\bin\Release\vc120.pdb'; linking object as if no debug info
  Sandbox.vcxproj -> C:\Users\RARES\documents\visual studio 2015\Projects\Helltooth\bin\Release\Sandbox.exe
  Sandbox.vcxproj -> C:\Users\RARES\documents\visual studio 2015\Projects\Helltooth\bin\Release\Sandbox.pdb (Full PDB)
